2026-06-16 13:39:05,868 - INFO - INFO | MT5 Connected. Account: 5051839207, Balance: 100000.0 USD
2026-06-16 14:31:53,347 - INFO - INFO | MT5 Connected. Account: 5051839207, Balance: 100000.0 USD
2026-06-16 16:27:29,684 - INFO - INFO | MT5 Connected. Account: 5051839207, Balance: 100000.0 USD
2026-06-16 16:27:33,994 - INFO - INFO | MT5 Connected. Account: 5051839207, Balance: 100000.0 USD
2026-06-16 16:27:39,741 - INFO - INFO | MT5 Connected. Account: 5051839207, Balance: 100000.0 USD
2026-06-16 16:27:45,836 - INFO - INFO | MT5 Connected. Account: 5051839207, Balance: 100000.0 USD
2026-06-16 16:27:47,665 - INFO - INFO | MT5 Connected. Account: 5051839207, Balance: 100000.0 USD
2026-06-16 16:27:57,626 - INFO - INFO | Initializing Gold Crossover Bot...
2026-06-16 16:27:57,635 - INFO - INFO | MT5 Connected. Account: 5051839207, Balance: 100000.0 USD
2026-06-16 16:27:57,636 - INFO - INFO | Bot successfully started.
2026-06-16 16:27:57,636 - INFO - INFO | Symbol: XAUUSD
2026-06-16 16:27:57,636 - INFO - INFO | Timeframe: M15 (15 Minutes)
2026-06-16 16:27:57,636 - INFO - INFO | Strategy parameters: EMA9 / EMA21
2026-06-16 16:27:57,636 - INFO - INFO | Risk per trade: 1.0% of equity
2026-06-16 16:27:57,636 - INFO - INFO | Loop interval: 15 seconds
2026-06-16 16:27:57,641 - INFO - INFO | STATUS | XAUUSD | EMA9 is ABOVE EMA21 (EMA9: 4345.834, EMA21: 4342.129) | Last Completed Candle Time: 2026-06-16 16:00:00
2026-06-16 16:27:57,641 - INFO - INFO | Startup check complete. Signal tracking initialized at candle 2026-06-16 16:00:00.
2026-06-16 16:27:57,641 - INFO - INFO | Waiting for the next candle completion to check for crossovers...
2026-06-16 16:28:12,643 - INFO - INFO | STATUS | XAUUSD | EMA9 is ABOVE EMA21 (EMA9: 4345.834, EMA21: 4342.129) | Last Completed Candle Time: 2026-06-16 16:00:00
2026-06-16 16:28:27,647 - INFO - INFO | STATUS | XAUUSD | EMA9 is ABOVE EMA21 (EMA9: 4345.834, EMA21: 4342.129) | Last Completed Candle Time: 2026-06-16 16:00:00
2026-06-16 16:28:42,650 - INFO - INFO | STATUS | XAUUSD | EMA9 is ABOVE EMA21 (EMA9: 4345.834, EMA21: 4342.129) | Last Completed Candle Time: 2026-06-16 16:00:00
2026-06-16 16:28:57,653 - INFO - INFO | STATUS | XAUUSD | EMA9 is ABOVE EMA21 (EMA9: 4345.834, EMA21: 4342.129) | Last Completed Candle Time: 2026-06-16 16:00:00
2026-06-16 16:29:12,656 - INFO - INFO | STATUS | XAUUSD | EMA9 is ABOVE EMA21 (EMA9: 4345.834, EMA21: 4342.129) | Last Completed Candle Time: 2026-06-16 16:00:00
2026-06-16 16:29:27,660 - INFO - INFO | STATUS | XAUUSD | EMA9 is ABOVE EMA21 (EMA9: 4345.834, EMA21: 4342.129) | Last Completed Candle Time: 2026-06-16 16:00:00
2026-06-16 16:29:42,663 - INFO - INFO | STATUS | XAUUSD | EMA9 is ABOVE EMA21 (EMA9: 4345.834, EMA21: 4342.129) | Last Completed Candle Time: 2026-06-16 16:00:00
2026-06-16 16:29:57,666 - INFO - INFO | STATUS | XAUUSD | EMA9 is ABOVE EMA21 (EMA9: 4345.834, EMA21: 4342.129) | Last Completed Candle Time: 2026-06-16 16:00:00
2026-06-16 16:30:12,669 - INFO - INFO | STATUS | XAUUSD | EMA9 is ABOVE EMA21 (EMA9: 4343.693, EMA21: 4341.493) | Last Completed Candle Time: 2026-06-16 16:15:00
2026-06-16 16:30:12,669 - INFO - INFO | New candle completed: 2026-06-16 16:15:00
2026-06-16 16:30:12,670 - INFO - INFO | No crossover detected on this completed candle.
2026-06-16 16:30:27,672 - INFO - INFO | STATUS | XAUUSD | EMA9 is ABOVE EMA21 (EMA9: 4343.693, EMA21: 4341.493) | Last Completed Candle Time: 2026-06-16 16:15:00
2026-06-16 16:30:42,675 - INFO - INFO | STATUS | XAUUSD | EMA9 is ABOVE EMA21 (EMA9: 4343.693, EMA21: 4341.493) | Last Completed Candle Time: 2026-06-16 16:15:00
2026-06-16 16:30:57,678 - INFO - INFO | STATUS | XAUUSD | EMA9 is ABOVE EMA21 (EMA9: 4343.693, EMA21: 4341.493) | Last Completed Candle Time: 2026-06-16 16:15:00
2026-06-16 16:31:12,681 - INFO - INFO | STATUS | XAUUSD | EMA9 is ABOVE EMA21 (EMA9: 4343.693, EMA21: 4341.493) | Last Completed Candle Time: 2026-06-16 16:15:00
2026-06-16 16:31:27,685 - INFO - INFO | STATUS | XAUUSD | EMA9 is ABOVE EMA21 (EMA9: 4343.693, EMA21: 4341.493) | Last Completed Candle Time: 2026-06-16 16:15:00
2026-06-16 16:31:42,688 - INFO - INFO | STATUS | XAUUSD | EMA9 is ABOVE EMA21 (EMA9: 4343.693, EMA21: 4341.493) | Last Completed Candle Time: 2026-06-16 16:15:00
2026-06-16 16:31:57,691 - INFO - INFO | STATUS | XAUUSD | EMA9 is ABOVE EMA21 (EMA9: 4343.693, EMA21: 4341.493) | Last Completed Candle Time: 2026-06-16 16:15:00
2026-06-16 16:32:12,694 - INFO - INFO | STATUS | XAUUSD | EMA9 is ABOVE EMA21 (EMA9: 4343.693, EMA21: 4341.493) | Last Completed Candle Time: 2026-06-16 16:15:00
2026-06-16 16:32:27,698 - INFO - INFO | STATUS | XAUUSD | EMA9 is ABOVE EMA21 (EMA9: 4343.693, EMA21: 4341.493) | Last Completed Candle Time: 2026-06-16 16:15:00
2026-06-16 16:32:42,702 - INFO - INFO | STATUS | XAUUSD | EMA9 is ABOVE EMA21 (EMA9: 4343.693, EMA21: 4341.493) | Last Completed Candle Time: 2026-06-16 16:15:00
2026-06-16 16:32:57,705 - INFO - INFO | STATUS | XAUUSD | EMA9 is ABOVE EMA21 (EMA9: 4343.693, EMA21: 4341.493) | Last Completed Candle Time: 2026-06-16 16:15:00
2026-06-16 16:33:12,708 - INFO - INFO | STATUS | XAUUSD | EMA9 is ABOVE EMA21 (EMA9: 4343.693, EMA21: 4341.493) | Last Completed Candle Time: 2026-06-16 16:15:00
2026-06-16 16:33:27,711 - INFO - INFO | STATUS | XAUUSD | EMA9 is ABOVE EMA21 (EMA9: 4343.693, EMA21: 4341.493) | Last Completed Candle Time: 2026-06-16 16:15:00
2026-06-16 16:33:42,714 - INFO - INFO | STATUS | XAUUSD | EMA9 is ABOVE EMA21 (EMA9: 4343.693, EMA21: 4341.493) | Last Completed Candle Time: 2026-06-16 16:15:00
2026-06-16 16:33:57,718 - INFO - INFO | STATUS | XAUUSD | EMA9 is ABOVE EMA21 (EMA9: 4343.693, EMA21: 4341.493) | Last Completed Candle Time: 2026-06-16 16:15:00
2026-06-16 16:34:12,720 - INFO - INFO | STATUS | XAUUSD | EMA9 is ABOVE EMA21 (EMA9: 4343.693, EMA21: 4341.493) | Last Completed Candle Time: 2026-06-16 16:15:00
2026-06-16 16:34:27,723 - INFO - INFO | STATUS | XAUUSD | EMA9 is ABOVE EMA21 (EMA9: 4343.693, EMA21: 4341.493) | Last Completed Candle Time: 2026-06-16 16:15:00
2026-06-16 16:34:42,727 - INFO - INFO | STATUS | XAUUSD | EMA9 is ABOVE EMA21 (EMA9: 4343.693, EMA21: 4341.493) | Last Completed Candle Time: 2026-06-16 16:15:00
2026-06-16 16:34:57,730 - INFO - INFO | STATUS | XAUUSD | EMA9 is ABOVE EMA21 (EMA9: 4343.693, EMA21: 4341.493) | Last Completed Candle Time: 2026-06-16 16:15:00
2026-06-16 16:35:12,733 - INFO - INFO | STATUS | XAUUSD | EMA9 is ABOVE EMA21 (EMA9: 4343.693, EMA21: 4341.493) | Last Completed Candle Time: 2026-06-16 16:15:00
2026-06-16 16:35:27,736 - INFO - INFO | STATUS | XAUUSD | EMA9 is ABOVE EMA21 (EMA9: 4343.693, EMA21: 4341.493) | Last Completed Candle Time: 2026-06-16 16:15:00
2026-06-16 16:35:42,739 - INFO - INFO | STATUS | XAUUSD | EMA9 is ABOVE EMA21 (EMA9: 4343.693, EMA21: 4341.493) | Last Completed Candle Time: 2026-06-16 16:15:00
2026-06-16 16:35:57,742 - INFO - INFO | STATUS | XAUUSD | EMA9 is ABOVE EMA21 (EMA9: 4343.693, EMA21: 4341.493) | Last Completed Candle Time: 2026-06-16 16:15:00
2026-06-16 16:36:12,745 - INFO - INFO | STATUS | XAUUSD | EMA9 is ABOVE EMA21 (EMA9: 4343.693, EMA21: 4341.493) | Last Completed Candle Time: 2026-06-16 16:15:00
2026-06-16 16:36:27,750 - INFO - INFO | STATUS | XAUUSD | EMA9 is ABOVE EMA21 (EMA9: 4343.693, EMA21: 4341.493) | Last Completed Candle Time: 2026-06-16 16:15:00
2026-06-16 16:36:42,752 - INFO - INFO | STATUS | XAUUSD | EMA9 is ABOVE EMA21 (EMA9: 4343.693, EMA21: 4341.493) | Last Completed Candle Time: 2026-06-16 16:15:00
2026-06-16 16:36:57,755 - INFO - INFO | STATUS | XAUUSD | EMA9 is ABOVE EMA21 (EMA9: 4343.693, EMA21: 4341.493) | Last Completed Candle Time: 2026-06-16 16:15:00
2026-06-16 16:37:12,758 - INFO - INFO | STATUS | XAUUSD | EMA9 is ABOVE EMA21 (EMA9: 4343.693, EMA21: 4341.493) | Last Completed Candle Time: 2026-06-16 16:15:00
2026-06-16 16:37:27,762 - INFO - INFO | STATUS | XAUUSD | EMA9 is ABOVE EMA21 (EMA9: 4343.693, EMA21: 4341.493) | Last Completed Candle Time: 2026-06-16 16:15:00
2026-06-16 16:37:42,766 - INFO - INFO | STATUS | XAUUSD | EMA9 is ABOVE EMA21 (EMA9: 4343.693, EMA21: 4341.493) | Last Completed Candle Time: 2026-06-16 16:15:00
2026-06-16 16:37:57,768 - INFO - INFO | STATUS | XAUUSD | EMA9 is ABOVE EMA21 (EMA9: 4343.693, EMA21: 4341.493) | Last Completed Candle Time: 2026-06-16 16:15:00
2026-06-16 16:38:12,772 - INFO - INFO | STATUS | XAUUSD | EMA9 is ABOVE EMA21 (EMA9: 4343.693, EMA21: 4341.493) | Last Completed Candle Time: 2026-06-16 16:15:00
2026-06-16 16:38:27,775 - INFO - INFO | STATUS | XAUUSD | EMA9 is ABOVE EMA21 (EMA9: 4343.693, EMA21: 4341.493) | Last Completed Candle Time: 2026-06-16 16:15:00
2026-06-16 16:38:42,778 - INFO - INFO | STATUS | XAUUSD | EMA9 is ABOVE EMA21 (EMA9: 4343.693, EMA21: 4341.493) | Last Completed Candle Time: 2026-06-16 16:15:00
2026-06-16 16:38:57,781 - INFO - INFO | STATUS | XAUUSD | EMA9 is ABOVE EMA21 (EMA9: 4343.693, EMA21: 4341.493) | Last Completed Candle Time: 2026-06-16 16:15:00
2026-06-16 16:39:12,784 - INFO - INFO | STATUS | XAUUSD | EMA9 is ABOVE EMA21 (EMA9: 4343.693, EMA21: 4341.493) | Last Completed Candle Time: 2026-06-16 16:15:00
2026-06-16 16:39:27,788 - INFO - INFO | STATUS | XAUUSD | EMA9 is ABOVE EMA21 (EMA9: 4343.693, EMA21: 4341.493) | Last Completed Candle Time: 2026-06-16 16:15:00
2026-06-16 16:39:42,791 - INFO - INFO | STATUS | XAUUSD | EMA9 is ABOVE EMA21 (EMA9: 4343.693, EMA21: 4341.493) | Last Completed Candle Time: 2026-06-16 16:15:00
2026-06-16 16:39:57,794 - INFO - INFO | STATUS | XAUUSD | EMA9 is ABOVE EMA21 (EMA9: 4343.693, EMA21: 4341.493) | Last Completed Candle Time: 2026-06-16 16:15:00
2026-06-16 16:40:12,797 - INFO - INFO | STATUS | XAUUSD | EMA9 is ABOVE EMA21 (EMA9: 4343.693, EMA21: 4341.493) | Last Completed Candle Time: 2026-06-16 16:15:00
2026-06-16 16:40:27,801 - INFO - INFO | STATUS | XAUUSD | EMA9 is ABOVE EMA21 (EMA9: 4343.693, EMA21: 4341.493) | Last Completed Candle Time: 2026-06-16 16:15:00
2026-06-16 16:40:42,803 - INFO - INFO | STATUS | XAUUSD | EMA9 is ABOVE EMA21 (EMA9: 4343.693, EMA21: 4341.493) | Last Completed Candle Time: 2026-06-16 16:15:00
2026-06-16 16:40:57,806 - INFO - INFO | STATUS | XAUUSD | EMA9 is ABOVE EMA21 (EMA9: 4343.693, EMA21: 4341.493) | Last Completed Candle Time: 2026-06-16 16:15:00
2026-06-16 16:41:12,809 - INFO - INFO | STATUS | XAUUSD | EMA9 is ABOVE EMA21 (EMA9: 4343.693, EMA21: 4341.493) | Last Completed Candle Time: 2026-06-16 16:15:00
2026-06-16 16:41:27,812 - INFO - INFO | STATUS | XAUUSD | EMA9 is ABOVE EMA21 (EMA9: 4343.693, EMA21: 4341.493) | Last Completed Candle Time: 2026-06-16 16:15:00
2026-06-16 16:41:42,816 - INFO - INFO | STATUS | XAUUSD | EMA9 is ABOVE EMA21 (EMA9: 4343.693, EMA21: 4341.493) | Last Completed Candle Time: 2026-06-16 16:15:00
2026-06-16 16:41:57,819 - INFO - INFO | STATUS | XAUUSD | EMA9 is ABOVE EMA21 (EMA9: 4343.693, EMA21: 4341.493) | Last Completed Candle Time: 2026-06-16 16:15:00
2026-06-16 16:42:12,823 - INFO - INFO | STATUS | XAUUSD | EMA9 is ABOVE EMA21 (EMA9: 4343.693, EMA21: 4341.493) | Last Completed Candle Time: 2026-06-16 16:15:00
2026-06-16 16:42:27,825 - INFO - INFO | STATUS | XAUUSD | EMA9 is ABOVE EMA21 (EMA9: 4343.693, EMA21: 4341.493) | Last Completed Candle Time: 2026-06-16 16:15:00
2026-06-16 16:42:42,829 - INFO - INFO | STATUS | XAUUSD | EMA9 is ABOVE EMA21 (EMA9: 4343.693, EMA21: 4341.493) | Last Completed Candle Time: 2026-06-16 16:15:00
2026-06-16 16:42:57,832 - INFO - INFO | STATUS | XAUUSD | EMA9 is ABOVE EMA21 (EMA9: 4343.693, EMA21: 4341.493) | Last Completed Candle Time: 2026-06-16 16:15:00
2026-06-16 16:43:12,835 - INFO - INFO | STATUS | XAUUSD | EMA9 is ABOVE EMA21 (EMA9: 4343.693, EMA21: 4341.493) | Last Completed Candle Time: 2026-06-16 16:15:00
2026-06-16 16:43:27,838 - INFO - INFO | STATUS | XAUUSD | EMA9 is ABOVE EMA21 (EMA9: 4343.693, EMA21: 4341.493) | Last Completed Candle Time: 2026-06-16 16:15:00
2026-06-16 16:43:42,841 - INFO - INFO | STATUS | XAUUSD | EMA9 is ABOVE EMA21 (EMA9: 4343.693, EMA21: 4341.493) | Last Completed Candle Time: 2026-06-16 16:15:00
2026-06-16 16:43:57,843 - INFO - INFO | STATUS | XAUUSD | EMA9 is ABOVE EMA21 (EMA9: 4343.693, EMA21: 4341.493) | Last Completed Candle Time: 2026-06-16 16:15:00
2026-06-16 16:44:12,847 - INFO - INFO | STATUS | XAUUSD | EMA9 is ABOVE EMA21 (EMA9: 4343.693, EMA21: 4341.493) | Last Completed Candle Time: 2026-06-16 16:15:00
2026-06-16 16:44:27,850 - INFO - INFO | STATUS | XAUUSD | EMA9 is ABOVE EMA21 (EMA9: 4343.693, EMA21: 4341.493) | Last Completed Candle Time: 2026-06-16 16:15:00
2026-06-16 16:44:42,853 - INFO - INFO | STATUS | XAUUSD | EMA9 is ABOVE EMA21 (EMA9: 4343.693, EMA21: 4341.493) | Last Completed Candle Time: 2026-06-16 16:15:00
2026-06-16 16:44:57,856 - INFO - INFO | STATUS | XAUUSD | EMA9 is ABOVE EMA21 (EMA9: 4343.693, EMA21: 4341.493) | Last Completed Candle Time: 2026-06-16 16:15:00
2026-06-16 16:45:12,858 - INFO - INFO | STATUS | XAUUSD | EMA9 is ABOVE EMA21 (EMA9: 4342.743, EMA21: 4341.260) | Last Completed Candle Time: 2026-06-16 16:30:00
2026-06-16 16:45:12,858 - INFO - INFO | New candle completed: 2026-06-16 16:30:00
2026-06-16 16:45:12,858 - INFO - INFO | No crossover detected on this completed candle.
2026-06-16 16:45:27,862 - INFO - INFO | STATUS | XAUUSD | EMA9 is ABOVE EMA21 (EMA9: 4342.743, EMA21: 4341.260) | Last Completed Candle Time: 2026-06-16 16:30:00
2026-06-16 16:45:42,865 - INFO - INFO | STATUS | XAUUSD | EMA9 is ABOVE EMA21 (EMA9: 4342.743, EMA21: 4341.260) | Last Completed Candle Time: 2026-06-16 16:30:00
2026-06-16 16:45:57,868 - INFO - INFO | STATUS | XAUUSD | EMA9 is ABOVE EMA21 (EMA9: 4342.743, EMA21: 4341.260) | Last Completed Candle Time: 2026-06-16 16:30:00
2026-06-16 16:46:12,871 - INFO - INFO | STATUS | XAUUSD | EMA9 is ABOVE EMA21 (EMA9: 4342.743, EMA21: 4341.260) | Last Completed Candle Time: 2026-06-16 16:30:00
2026-06-16 16:46:27,874 - INFO - INFO | STATUS | XAUUSD | EMA9 is ABOVE EMA21 (EMA9: 4342.743, EMA21: 4341.260) | Last Completed Candle Time: 2026-06-16 16:30:00
2026-06-16 16:46:42,878 - INFO - INFO | STATUS | XAUUSD | EMA9 is ABOVE EMA21 (EMA9: 4342.743, EMA21: 4341.260) | Last Completed Candle Time: 2026-06-16 16:30:00
2026-06-16 16:46:57,881 - INFO - INFO | STATUS | XAUUSD | EMA9 is ABOVE EMA21 (EMA9: 4342.743, EMA21: 4341.260) | Last Completed Candle Time: 2026-06-16 16:30:00
2026-06-16 16:47:12,885 - INFO - INFO | STATUS | XAUUSD | EMA9 is ABOVE EMA21 (EMA9: 4342.743, EMA21: 4341.260) | Last Completed Candle Time: 2026-06-16 16:30:00
2026-06-16 16:47:27,888 - INFO - INFO | STATUS | XAUUSD | EMA9 is ABOVE EMA21 (EMA9: 4342.743, EMA21: 4341.260) | Last Completed Candle Time: 2026-06-16 16:30:00
2026-06-16 16:47:42,891 - INFO - INFO | STATUS | XAUUSD | EMA9 is ABOVE EMA21 (EMA9: 4342.743, EMA21: 4341.260) | Last Completed Candle Time: 2026-06-16 16:30:00
2026-06-16 16:47:57,894 - INFO - INFO | STATUS | XAUUSD | EMA9 is ABOVE EMA21 (EMA9: 4342.743, EMA21: 4341.260) | Last Completed Candle Time: 2026-06-16 16:30:00
2026-06-16 16:48:12,897 - INFO - INFO | STATUS | XAUUSD | EMA9 is ABOVE EMA21 (EMA9: 4342.743, EMA21: 4341.260) | Last Completed Candle Time: 2026-06-16 16:30:00
2026-06-16 16:48:27,901 - INFO - INFO | STATUS | XAUUSD | EMA9 is ABOVE EMA21 (EMA9: 4342.743, EMA21: 4341.260) | Last Completed Candle Time: 2026-06-16 16:30:00
2026-06-16 16:48:42,903 - INFO - INFO | STATUS | XAUUSD | EMA9 is ABOVE EMA21 (EMA9: 4342.743, EMA21: 4341.260) | Last Completed Candle Time: 2026-06-16 16:30:00
2026-06-16 16:48:57,906 - INFO - INFO | STATUS | XAUUSD | EMA9 is ABOVE EMA21 (EMA9: 4342.743, EMA21: 4341.260) | Last Completed Candle Time: 2026-06-16 16:30:00
2026-06-16 16:49:12,910 - INFO - INFO | STATUS | XAUUSD | EMA9 is ABOVE EMA21 (EMA9: 4342.743, EMA21: 4341.260) | Last Completed Candle Time: 2026-06-16 16:30:00
2026-06-16 16:49:27,912 - INFO - INFO | STATUS | XAUUSD | EMA9 is ABOVE EMA21 (EMA9: 4342.743, EMA21: 4341.260) | Last Completed Candle Time: 2026-06-16 16:30:00
2026-06-16 16:49:42,916 - INFO - INFO | STATUS | XAUUSD | EMA9 is ABOVE EMA21 (EMA9: 4342.743, EMA21: 4341.260) | Last Completed Candle Time: 2026-06-16 16:30:00
2026-06-16 16:49:57,919 - INFO - INFO | STATUS | XAUUSD | EMA9 is ABOVE EMA21 (EMA9: 4342.743, EMA21: 4341.260) | Last Completed Candle Time: 2026-06-16 16:30:00
2026-06-16 16:50:12,922 - INFO - INFO | STATUS | XAUUSD | EMA9 is ABOVE EMA21 (EMA9: 4342.743, EMA21: 4341.260) | Last Completed Candle Time: 2026-06-16 16:30:00
2026-06-16 16:50:27,925 - INFO - INFO | STATUS | XAUUSD | EMA9 is ABOVE EMA21 (EMA9: 4342.743, EMA21: 4341.260) | Last Completed Candle Time: 2026-06-16 16:30:00
2026-06-16 16:51:31,332 - INFO - INFO | Initializing Gold Crossover Bot...
2026-06-16 16:51:31,343 - INFO - INFO | MT5 Connected. Account: 5051839207, Balance: 100000.0 USD
2026-06-16 16:51:31,343 - INFO - INFO | Bot successfully started.
2026-06-16 16:51:31,343 - INFO - INFO | Symbol: XAUUSD
2026-06-16 16:51:31,343 - INFO - INFO | Timeframe: M15 (15 Minutes)
2026-06-16 16:51:31,343 - INFO - INFO | Strategy parameters: EMA9 / EMA21
2026-06-16 16:51:31,343 - INFO - INFO | Risk per trade: 1.0% of equity
2026-06-16 16:51:31,343 - INFO - INFO | Loop interval: 15 seconds
2026-06-16 16:51:31,347 - INFO - INFO | STATUS | XAUUSD | EMA9 is ABOVE EMA21 (EMA9: 4342.743, EMA21: 4341.260) | Last Completed Candle Time: 2026-06-16 16:30:00
2026-06-16 16:51:31,347 - INFO - INFO | Startup check complete. Signal tracking initialized at candle 2026-06-16 16:30:00.
2026-06-16 16:51:31,347 - INFO - INFO | Waiting for the next candle completion to check for crossovers...
2026-06-16 16:51:46,350 - INFO - INFO | STATUS | XAUUSD | EMA9 is ABOVE EMA21 (EMA9: 4342.743, EMA21: 4341.260) | Last Completed Candle Time: 2026-06-16 16:30:00
2026-06-16 16:52:01,354 - INFO - INFO | STATUS | XAUUSD | EMA9 is ABOVE EMA21 (EMA9: 4342.743, EMA21: 4341.260) | Last Completed Candle Time: 2026-06-16 16:30:00
2026-06-16 16:52:16,358 - INFO - INFO | STATUS | XAUUSD | EMA9 is ABOVE EMA21 (EMA9: 4342.743, EMA21: 4341.260) | Last Completed Candle Time: 2026-06-16 16:30:00
2026-06-16 16:52:31,360 - INFO - INFO | STATUS | XAUUSD | EMA9 is ABOVE EMA21 (EMA9: 4342.743, EMA21: 4341.260) | Last Completed Candle Time: 2026-06-16 16:30:00
2026-06-16 16:52:46,364 - INFO - INFO | STATUS | XAUUSD | EMA9 is ABOVE EMA21 (EMA9: 4342.743, EMA21: 4341.260) | Last Completed Candle Time: 2026-06-16 16:30:00
2026-06-16 16:53:01,366 - INFO - INFO | STATUS | XAUUSD | EMA9 is ABOVE EMA21 (EMA9: 4342.743, EMA21: 4341.260) | Last Completed Candle Time: 2026-06-16 16:30:00
2026-06-16 16:53:16,369 - INFO - INFO | STATUS | XAUUSD | EMA9 is ABOVE EMA21 (EMA9: 4342.743, EMA21: 4341.260) | Last Completed Candle Time: 2026-06-16 16:30:00
2026-06-16 16:53:31,372 - INFO - INFO | STATUS | XAUUSD | EMA9 is ABOVE EMA21 (EMA9: 4342.743, EMA21: 4341.260) | Last Completed Candle Time: 2026-06-16 16:30:00
2026-06-16 16:53:46,376 - INFO - INFO | STATUS | XAUUSD | EMA9 is ABOVE EMA21 (EMA9: 4342.743, EMA21: 4341.260) | Last Completed Candle Time: 2026-06-16 16:30:00
2026-06-16 16:54:01,379 - INFO - INFO | STATUS | XAUUSD | EMA9 is ABOVE EMA21 (EMA9: 4342.743, EMA21: 4341.260) | Last Completed Candle Time: 2026-06-16 16:30:00
2026-06-16 16:54:16,382 - INFO - INFO | STATUS | XAUUSD | EMA9 is ABOVE EMA21 (EMA9: 4342.743, EMA21: 4341.260) | Last Completed Candle Time: 2026-06-16 16:30:00
2026-06-16 16:54:31,385 - INFO - INFO | STATUS | XAUUSD | EMA9 is ABOVE EMA21 (EMA9: 4342.743, EMA21: 4341.260) | Last Completed Candle Time: 2026-06-16 16:30:00
2026-06-16 16:54:46,389 - INFO - INFO | STATUS | XAUUSD | EMA9 is ABOVE EMA21 (EMA9: 4342.743, EMA21: 4341.260) | Last Completed Candle Time: 2026-06-16 16:30:00
2026-06-16 16:55:01,391 - INFO - INFO | STATUS | XAUUSD | EMA9 is ABOVE EMA21 (EMA9: 4342.743, EMA21: 4341.260) | Last Completed Candle Time: 2026-06-16 16:30:00
2026-06-16 16:55:16,395 - INFO - INFO | STATUS | XAUUSD | EMA9 is ABOVE EMA21 (EMA9: 4342.743, EMA21: 4341.260) | Last Completed Candle Time: 2026-06-16 16:30:00
2026-06-16 16:55:31,397 - INFO - INFO | STATUS | XAUUSD | EMA9 is ABOVE EMA21 (EMA9: 4342.743, EMA21: 4341.260) | Last Completed Candle Time: 2026-06-16 16:30:00
2026-06-16 16:55:46,401 - INFO - INFO | STATUS | XAUUSD | EMA9 is ABOVE EMA21 (EMA9: 4342.743, EMA21: 4341.260) | Last Completed Candle Time: 2026-06-16 16:30:00
2026-06-16 16:56:01,404 - INFO - INFO | STATUS | XAUUSD | EMA9 is ABOVE EMA21 (EMA9: 4342.743, EMA21: 4341.260) | Last Completed Candle Time: 2026-06-16 16:30:00
2026-06-16 16:56:16,407 - INFO - INFO | STATUS | XAUUSD | EMA9 is ABOVE EMA21 (EMA9: 4342.743, EMA21: 4341.260) | Last Completed Candle Time: 2026-06-16 16:30:00
2026-06-16 16:56:31,410 - INFO - INFO | STATUS | XAUUSD | EMA9 is ABOVE EMA21 (EMA9: 4342.743, EMA21: 4341.260) | Last Completed Candle Time: 2026-06-16 16:30:00
2026-06-16 16:56:46,413 - INFO - INFO | STATUS | XAUUSD | EMA9 is ABOVE EMA21 (EMA9: 4342.743, EMA21: 4341.260) | Last Completed Candle Time: 2026-06-16 16:30:00
2026-06-16 16:57:01,416 - INFO - INFO | STATUS | XAUUSD | EMA9 is ABOVE EMA21 (EMA9: 4342.743, EMA21: 4341.260) | Last Completed Candle Time: 2026-06-16 16:30:00
2026-06-16 16:57:16,420 - INFO - INFO | STATUS | XAUUSD | EMA9 is ABOVE EMA21 (EMA9: 4342.743, EMA21: 4341.260) | Last Completed Candle Time: 2026-06-16 16:30:00
2026-06-16 16:57:31,423 - INFO - INFO | STATUS | XAUUSD | EMA9 is ABOVE EMA21 (EMA9: 4342.743, EMA21: 4341.260) | Last Completed Candle Time: 2026-06-16 16:30:00
2026-06-16 16:57:46,426 - INFO - INFO | STATUS | XAUUSD | EMA9 is ABOVE EMA21 (EMA9: 4342.743, EMA21: 4341.260) | Last Completed Candle Time: 2026-06-16 16:30:00
2026-06-16 16:58:01,429 - INFO - INFO | STATUS | XAUUSD | EMA9 is ABOVE EMA21 (EMA9: 4342.743, EMA21: 4341.260) | Last Completed Candle Time: 2026-06-16 16:30:00
2026-06-16 16:58:16,432 - INFO - INFO | STATUS | XAUUSD | EMA9 is ABOVE EMA21 (EMA9: 4342.743, EMA21: 4341.260) | Last Completed Candle Time: 2026-06-16 16:30:00
2026-06-16 16:58:31,435 - INFO - INFO | STATUS | XAUUSD | EMA9 is ABOVE EMA21 (EMA9: 4342.743, EMA21: 4341.260) | Last Completed Candle Time: 2026-06-16 16:30:00
2026-06-16 16:58:46,439 - INFO - INFO | STATUS | XAUUSD | EMA9 is ABOVE EMA21 (EMA9: 4342.743, EMA21: 4341.260) | Last Completed Candle Time: 2026-06-16 16:30:00
2026-06-16 16:59:01,442 - INFO - INFO | STATUS | XAUUSD | EMA9 is ABOVE EMA21 (EMA9: 4342.743, EMA21: 4341.260) | Last Completed Candle Time: 2026-06-16 16:30:00
2026-06-16 16:59:16,445 - INFO - INFO | STATUS | XAUUSD | EMA9 is ABOVE EMA21 (EMA9: 4342.743, EMA21: 4341.260) | Last Completed Candle Time: 2026-06-16 16:30:00
2026-06-16 16:59:31,449 - INFO - INFO | STATUS | XAUUSD | EMA9 is ABOVE EMA21 (EMA9: 4342.743, EMA21: 4341.260) | Last Completed Candle Time: 2026-06-16 16:30:00
2026-06-16 16:59:46,452 - INFO - INFO | STATUS | XAUUSD | EMA9 is ABOVE EMA21 (EMA9: 4342.743, EMA21: 4341.260) | Last Completed Candle Time: 2026-06-16 16:30:00
2026-06-16 17:00:01,455 - INFO - INFO | STATUS | XAUUSD | EMA9 is ABOVE EMA21 (EMA9: 4340.544, EMA21: 4340.396) | Last Completed Candle Time: 2026-06-16 16:45:00
2026-06-16 17:00:01,456 - INFO - INFO | New candle completed: 2026-06-16 16:45:00
2026-06-16 17:00:01,456 - INFO - INFO | No crossover detected on this completed candle.
2026-06-16 17:00:16,459 - INFO - INFO | STATUS | XAUUSD | EMA9 is ABOVE EMA21 (EMA9: 4340.544, EMA21: 4340.396) | Last Completed Candle Time: 2026-06-16 16:45:00
2026-06-16 17:00:31,463 - INFO - INFO | STATUS | XAUUSD | EMA9 is ABOVE EMA21 (EMA9: 4340.544, EMA21: 4340.396) | Last Completed Candle Time: 2026-06-16 16:45:00
2026-06-16 17:00:46,465 - INFO - INFO | STATUS | XAUUSD | EMA9 is ABOVE EMA21 (EMA9: 4340.544, EMA21: 4340.396) | Last Completed Candle Time: 2026-06-16 16:45:00
2026-06-16 17:01:01,469 - INFO - INFO | STATUS | XAUUSD | EMA9 is ABOVE EMA21 (EMA9: 4340.544, EMA21: 4340.396) | Last Completed Candle Time: 2026-06-16 16:45:00
2026-06-16 17:01:16,472 - INFO - INFO | STATUS | XAUUSD | EMA9 is ABOVE EMA21 (EMA9: 4340.544, EMA21: 4340.396) | Last Completed Candle Time: 2026-06-16 16:45:00
2026-06-16 17:01:31,476 - INFO - INFO | STATUS | XAUUSD | EMA9 is ABOVE EMA21 (EMA9: 4340.544, EMA21: 4340.396) | Last Completed Candle Time: 2026-06-16 16:45:00
2026-06-16 17:01:46,479 - INFO - INFO | STATUS | XAUUSD | EMA9 is ABOVE EMA21 (EMA9: 4340.544, EMA21: 4340.396) | Last Completed Candle Time: 2026-06-16 16:45:00
2026-06-16 17:02:01,483 - INFO - INFO | STATUS | XAUUSD | EMA9 is ABOVE EMA21 (EMA9: 4340.544, EMA21: 4340.396) | Last Completed Candle Time: 2026-06-16 16:45:00
2026-06-16 17:02:16,486 - INFO - INFO | STATUS | XAUUSD | EMA9 is ABOVE EMA21 (EMA9: 4340.544, EMA21: 4340.396) | Last Completed Candle Time: 2026-06-16 16:45:00
2026-06-16 17:02:31,489 - INFO - INFO | STATUS | XAUUSD | EMA9 is ABOVE EMA21 (EMA9: 4340.544, EMA21: 4340.396) | Last Completed Candle Time: 2026-06-16 16:45:00
2026-06-16 17:02:46,492 - INFO - INFO | STATUS | XAUUSD | EMA9 is ABOVE EMA21 (EMA9: 4340.544, EMA21: 4340.396) | Last Completed Candle Time: 2026-06-16 16:45:00
2026-06-16 17:03:01,495 - INFO - INFO | STATUS | XAUUSD | EMA9 is ABOVE EMA21 (EMA9: 4340.544, EMA21: 4340.396) | Last Completed Candle Time: 2026-06-16 16:45:00
2026-06-16 17:03:16,497 - INFO - INFO | STATUS | XAUUSD | EMA9 is ABOVE EMA21 (EMA9: 4340.544, EMA21: 4340.396) | Last Completed Candle Time: 2026-06-16 16:45:00
2026-06-16 17:03:31,501 - INFO - INFO | STATUS | XAUUSD | EMA9 is ABOVE EMA21 (EMA9: 4340.544, EMA21: 4340.396) | Last Completed Candle Time: 2026-06-16 16:45:00
2026-06-16 17:03:46,504 - INFO - INFO | STATUS | XAUUSD | EMA9 is ABOVE EMA21 (EMA9: 4340.544, EMA21: 4340.396) | Last Completed Candle Time: 2026-06-16 16:45:00
2026-06-16 17:04:01,508 - INFO - INFO | STATUS | XAUUSD | EMA9 is ABOVE EMA21 (EMA9: 4340.544, EMA21: 4340.396) | Last Completed Candle Time: 2026-06-16 16:45:00
2026-06-16 17:04:16,511 - INFO - INFO | STATUS | XAUUSD | EMA9 is ABOVE EMA21 (EMA9: 4340.544, EMA21: 4340.396) | Last Completed Candle Time: 2026-06-16 16:45:00
2026-06-16 17:04:31,514 - INFO - INFO | STATUS | XAUUSD | EMA9 is ABOVE EMA21 (EMA9: 4340.544, EMA21: 4340.396) | Last Completed Candle Time: 2026-06-16 16:45:00
2026-06-16 17:04:46,518 - INFO - INFO | STATUS | XAUUSD | EMA9 is ABOVE EMA21 (EMA9: 4340.544, EMA21: 4340.396) | Last Completed Candle Time: 2026-06-16 16:45:00
2026-06-16 17:05:01,521 - INFO - INFO | STATUS | XAUUSD | EMA9 is ABOVE EMA21 (EMA9: 4340.544, EMA21: 4340.396) | Last Completed Candle Time: 2026-06-16 16:45:00
2026-06-16 17:05:16,523 - INFO - INFO | STATUS | XAUUSD | EMA9 is ABOVE EMA21 (EMA9: 4340.544, EMA21: 4340.396) | Last Completed Candle Time: 2026-06-16 16:45:00
2026-06-16 17:05:31,527 - INFO - INFO | STATUS | XAUUSD | EMA9 is ABOVE EMA21 (EMA9: 4340.544, EMA21: 4340.396) | Last Completed Candle Time: 2026-06-16 16:45:00
2026-06-16 17:05:46,530 - INFO - INFO | STATUS | XAUUSD | EMA9 is ABOVE EMA21 (EMA9: 4340.544, EMA21: 4340.396) | Last Completed Candle Time: 2026-06-16 16:45:00
2026-06-16 17:06:01,533 - INFO - INFO | STATUS | XAUUSD | EMA9 is ABOVE EMA21 (EMA9: 4340.544, EMA21: 4340.396) | Last Completed Candle Time: 2026-06-16 16:45:00
2026-06-16 17:06:16,537 - INFO - INFO | STATUS | XAUUSD | EMA9 is ABOVE EMA21 (EMA9: 4340.544, EMA21: 4340.396) | Last Completed Candle Time: 2026-06-16 16:45:00
2026-06-16 17:06:31,540 - INFO - INFO | STATUS | XAUUSD | EMA9 is ABOVE EMA21 (EMA9: 4340.544, EMA21: 4340.396) | Last Completed Candle Time: 2026-06-16 16:45:00
2026-06-16 17:06:46,543 - INFO - INFO | STATUS | XAUUSD | EMA9 is ABOVE EMA21 (EMA9: 4340.544, EMA21: 4340.396) | Last Completed Candle Time: 2026-06-16 16:45:00
2026-06-16 17:07:01,547 - INFO - INFO | STATUS | XAUUSD | EMA9 is ABOVE EMA21 (EMA9: 4340.544, EMA21: 4340.396) | Last Completed Candle Time: 2026-06-16 16:45:00
2026-06-16 17:07:16,549 - INFO - INFO | STATUS | XAUUSD | EMA9 is ABOVE EMA21 (EMA9: 4340.544, EMA21: 4340.396) | Last Completed Candle Time: 2026-06-16 16:45:00
2026-06-16 17:07:31,552 - INFO - INFO | STATUS | XAUUSD | EMA9 is ABOVE EMA21 (EMA9: 4340.544, EMA21: 4340.396) | Last Completed Candle Time: 2026-06-16 16:45:00
2026-06-16 17:07:46,556 - INFO - INFO | STATUS | XAUUSD | EMA9 is ABOVE EMA21 (EMA9: 4340.544, EMA21: 4340.396) | Last Completed Candle Time: 2026-06-16 16:45:00
2026-06-16 17:08:01,558 - INFO - INFO | STATUS | XAUUSD | EMA9 is ABOVE EMA21 (EMA9: 4340.544, EMA21: 4340.396) | Last Completed Candle Time: 2026-06-16 16:45:00
2026-06-16 17:08:16,561 - INFO - INFO | STATUS | XAUUSD | EMA9 is ABOVE EMA21 (EMA9: 4340.544, EMA21: 4340.396) | Last Completed Candle Time: 2026-06-16 16:45:00
2026-06-16 17:08:31,565 - INFO - INFO | STATUS | XAUUSD | EMA9 is ABOVE EMA21 (EMA9: 4340.544, EMA21: 4340.396) | Last Completed Candle Time: 2026-06-16 16:45:00
2026-06-16 17:08:46,568 - INFO - INFO | STATUS | XAUUSD | EMA9 is ABOVE EMA21 (EMA9: 4340.544, EMA21: 4340.396) | Last Completed Candle Time: 2026-06-16 16:45:00
2026-06-16 17:09:01,570 - INFO - INFO | STATUS | XAUUSD | EMA9 is ABOVE EMA21 (EMA9: 4340.544, EMA21: 4340.396) | Last Completed Candle Time: 2026-06-16 16:45:00
2026-06-16 17:09:16,574 - INFO - INFO | STATUS | XAUUSD | EMA9 is ABOVE EMA21 (EMA9: 4340.544, EMA21: 4340.396) | Last Completed Candle Time: 2026-06-16 16:45:00
2026-06-16 17:09:31,577 - INFO - INFO | STATUS | XAUUSD | EMA9 is ABOVE EMA21 (EMA9: 4340.544, EMA21: 4340.396) | Last Completed Candle Time: 2026-06-16 16:45:00
2026-06-16 17:09:46,580 - INFO - INFO | STATUS | XAUUSD | EMA9 is ABOVE EMA21 (EMA9: 4340.544, EMA21: 4340.396) | Last Completed Candle Time: 2026-06-16 16:45:00
2026-06-16 17:10:01,583 - INFO - INFO | STATUS | XAUUSD | EMA9 is ABOVE EMA21 (EMA9: 4340.544, EMA21: 4340.396) | Last Completed Candle Time: 2026-06-16 16:45:00
2026-06-16 17:10:16,587 - INFO - INFO | STATUS | XAUUSD | EMA9 is ABOVE EMA21 (EMA9: 4340.544, EMA21: 4340.396) | Last Completed Candle Time: 2026-06-16 16:45:00
2026-06-16 17:10:31,590 - INFO - INFO | STATUS | XAUUSD | EMA9 is ABOVE EMA21 (EMA9: 4340.544, EMA21: 4340.396) | Last Completed Candle Time: 2026-06-16 16:45:00
2026-06-16 17:10:46,593 - INFO - INFO | STATUS | XAUUSD | EMA9 is ABOVE EMA21 (EMA9: 4340.544, EMA21: 4340.396) | Last Completed Candle Time: 2026-06-16 16:45:00
2026-06-16 17:11:01,597 - INFO - INFO | STATUS | XAUUSD | EMA9 is ABOVE EMA21 (EMA9: 4340.544, EMA21: 4340.396) | Last Completed Candle Time: 2026-06-16 16:45:00
2026-06-16 17:11:16,599 - INFO - INFO | STATUS | XAUUSD | EMA9 is ABOVE EMA21 (EMA9: 4340.544, EMA21: 4340.396) | Last Completed Candle Time: 2026-06-16 16:45:00
2026-06-16 17:11:31,602 - INFO - INFO | STATUS | XAUUSD | EMA9 is ABOVE EMA21 (EMA9: 4340.544, EMA21: 4340.396) | Last Completed Candle Time: 2026-06-16 16:45:00
2026-06-16 17:11:46,606 - INFO - INFO | STATUS | XAUUSD | EMA9 is ABOVE EMA21 (EMA9: 4340.544, EMA21: 4340.396) | Last Completed Candle Time: 2026-06-16 16:45:00
2026-06-16 17:12:01,609 - INFO - INFO | STATUS | XAUUSD | EMA9 is ABOVE EMA21 (EMA9: 4340.544, EMA21: 4340.396) | Last Completed Candle Time: 2026-06-16 16:45:00
2026-06-16 17:12:16,612 - INFO - INFO | STATUS | XAUUSD | EMA9 is ABOVE EMA21 (EMA9: 4340.544, EMA21: 4340.396) | Last Completed Candle Time: 2026-06-16 16:45:00
2026-06-16 17:12:31,614 - INFO - INFO | STATUS | XAUUSD | EMA9 is ABOVE EMA21 (EMA9: 4340.544, EMA21: 4340.396) | Last Completed Candle Time: 2026-06-16 16:45:00
2026-06-16 17:12:46,617 - INFO - INFO | STATUS | XAUUSD | EMA9 is ABOVE EMA21 (EMA9: 4340.544, EMA21: 4340.396) | Last Completed Candle Time: 2026-06-16 16:45:00
2026-06-16 17:13:01,620 - INFO - INFO | STATUS | XAUUSD | EMA9 is ABOVE EMA21 (EMA9: 4340.544, EMA21: 4340.396) | Last Completed Candle Time: 2026-06-16 16:45:00
2026-06-16 17:13:16,623 - INFO - INFO | STATUS | XAUUSD | EMA9 is ABOVE EMA21 (EMA9: 4340.544, EMA21: 4340.396) | Last Completed Candle Time: 2026-06-16 16:45:00
2026-06-16 17:13:31,627 - INFO - INFO | STATUS | XAUUSD | EMA9 is ABOVE EMA21 (EMA9: 4340.544, EMA21: 4340.396) | Last Completed Candle Time: 2026-06-16 16:45:00
2026-06-16 17:13:46,630 - INFO - INFO | STATUS | XAUUSD | EMA9 is ABOVE EMA21 (EMA9: 4340.544, EMA21: 4340.396) | Last Completed Candle Time: 2026-06-16 16:45:00
2026-06-16 17:14:01,632 - INFO - INFO | STATUS | XAUUSD | EMA9 is ABOVE EMA21 (EMA9: 4340.544, EMA21: 4340.396) | Last Completed Candle Time: 2026-06-16 16:45:00
2026-06-16 17:14:16,637 - INFO - INFO | STATUS | XAUUSD | EMA9 is ABOVE EMA21 (EMA9: 4340.544, EMA21: 4340.396) | Last Completed Candle Time: 2026-06-16 16:45:00
2026-06-16 17:14:31,640 - INFO - INFO | STATUS | XAUUSD | EMA9 is ABOVE EMA21 (EMA9: 4340.544, EMA21: 4340.396) | Last Completed Candle Time: 2026-06-16 16:45:00
2026-06-16 17:14:46,644 - INFO - INFO | STATUS | XAUUSD | EMA9 is ABOVE EMA21 (EMA9: 4340.544, EMA21: 4340.396) | Last Completed Candle Time: 2026-06-16 16:45:00
2026-06-16 17:15:01,646 - INFO - INFO | STATUS | XAUUSD | EMA9 is BELOW EMA21 (EMA9: 4339.537, EMA21: 4339.952) | Last Completed Candle Time: 2026-06-16 17:00:00
2026-06-16 17:15:01,646 - INFO - INFO | New candle completed: 2026-06-16 17:00:00
2026-06-16 17:15:01,646 - INFO - INFO | SIGNAL DETECTED | Crossover signal found: SELL
2026-06-16 17:15:01,647 - INFO - INFO | Executing SELL trade on XAUUSD...
2026-06-16 17:15:01,647 - ERROR - ERROR | Unexpected exception in execution loop: module 'MetaTrader5' has no attribute 'SYMBOL_FILLING_FOK'
2026-06-16 17:15:01,648 - INFO - INFO | MetaTrader 5 connection closed gracefully.
2026-06-16 18:42:04,857 - INFO - INFO | Initializing Gold Crossover Bot...
2026-06-16 18:42:04,867 - INFO - INFO | MT5 Connected. Account: 5051839207, Balance: 100000.0 USD
2026-06-16 18:42:04,868 - INFO - INFO | Placing a test BUY order to verify connection and trading permissions...
2026-06-16 18:43:28,584 - INFO - INFO | Initializing Gold Crossover Bot...
2026-06-16 18:43:28,594 - INFO - INFO | MT5 Connected. Account: 5051839207, Balance: 100000.0 USD
2026-06-16 18:43:28,594 - INFO - INFO | Placing a test BUY order to verify connection and trading permissions...
2026-06-16 18:43:28,594 - INFO - TRADE | 2026-06-16 18:43:28 | Symbol: XAUUSD | Action: BUY | Lot: 2.00 | Price: 4325.84 | SL: 4320.84 | TP: 4335.84 | Result: FAILED: Code 10027 (AutoTrading disabled by client)
2026-06-16 18:43:28,594 - ERROR - ERROR | Test BUY order failed. Check logs above for details.
2026-06-16 18:43:28,595 - INFO - INFO | Bot successfully started.
2026-06-16 18:43:28,595 - INFO - INFO | Symbol: XAUUSD
2026-06-16 18:43:28,595 - INFO - INFO | Timeframe: M15 (15 Minutes)
2026-06-16 18:43:28,595 - INFO - INFO | Strategy parameters: EMA9 / EMA21
2026-06-16 18:43:28,595 - INFO - INFO | Risk per trade: 1.0% of equity
2026-06-16 18:43:28,595 - INFO - INFO | Loop interval: 15 seconds
2026-06-16 18:43:28,599 - INFO - INFO | STATUS | XAUUSD | EMA9 is BELOW EMA21 (EMA9: 4329.242, EMA21: 4333.881) | Last Completed Candle Time: 2026-06-16 18:15:00
2026-06-16 18:43:28,599 - INFO - INFO | Startup check complete. Signal tracking initialized at candle 2026-06-16 18:15:00.
2026-06-16 18:43:28,599 - INFO - INFO | Waiting for the next candle completion to check for crossovers...
2026-06-16 18:43:43,602 - INFO - INFO | STATUS | XAUUSD | EMA9 is BELOW EMA21 (EMA9: 4329.242, EMA21: 4333.881) | Last Completed Candle Time: 2026-06-16 18:15:00
2026-06-16 18:43:58,606 - INFO - INFO | STATUS | XAUUSD | EMA9 is BELOW EMA21 (EMA9: 4329.242, EMA21: 4333.881) | Last Completed Candle Time: 2026-06-16 18:15:00
2026-06-16 18:44:13,609 - INFO - INFO | STATUS | XAUUSD | EMA9 is BELOW EMA21 (EMA9: 4329.242, EMA21: 4333.881) | Last Completed Candle Time: 2026-06-16 18:15:00
2026-06-16 18:44:28,612 - INFO - INFO | STATUS | XAUUSD | EMA9 is BELOW EMA21 (EMA9: 4329.242, EMA21: 4333.881) | Last Completed Candle Time: 2026-06-16 18:15:00
2026-06-16 18:44:37,432 - INFO - INFO | Bot execution paused by user (KeyboardInterrupt).
2026-06-16 18:44:37,432 - INFO - INFO | MetaTrader 5 connection closed gracefully.
2026-06-16 18:44:39,096 - INFO - INFO | Initializing Gold Crossover Bot...
2026-06-16 18:44:39,105 - INFO - INFO | MT5 Connected. Account: 5051839207, Balance: 100000.0 USD
2026-06-16 18:44:39,106 - INFO - INFO | Placing a test BUY order to verify connection and trading permissions...
2026-06-16 18:44:39,207 - INFO - TRADE | 2026-06-16 18:44:39 | Symbol: XAUUSD | Action: BUY | Lot: 2.00 | Price: 4326.65 | SL: 4321.65 | TP: 4336.65 | Result: SUCCESS (Ticket: 57109708570)
2026-06-16 18:44:39,208 - INFO - INFO | Test BUY order successful. Order details: OrderSendResult(retcode=10009, deal=56774598715, order=57109708570, volume=2.0, price=4326.65, bid=0.0, ask=0.0, comment='Request executed', request_id=2670628269, retcode_external=0, request=TradeRequest(action=1, magic=20260616, order=0, symbol='XAUUSD', volume=2.0, price=4326.65, stoplimit=0.0, sl=4321.65, tp=4336.65, deviation=20, type=0, type_filling=0, type_time=0, expiration=0, comment='Gold Crossover Bot', position=0, position_by=0))
2026-06-16 18:44:39,208 - INFO - INFO | Bot successfully started.
2026-06-16 18:44:39,208 - INFO - INFO | Symbol: XAUUSD
2026-06-16 18:44:39,208 - INFO - INFO | Timeframe: M15 (15 Minutes)
2026-06-16 18:44:39,208 - INFO - INFO | Strategy parameters: EMA9 / EMA21
2026-06-16 18:44:39,208 - INFO - INFO | Risk per trade: 1.0% of equity
2026-06-16 18:44:39,208 - INFO - INFO | Loop interval: 15 seconds
2026-06-16 18:44:39,212 - INFO - INFO | STATUS | XAUUSD | EMA9 is BELOW EMA21 (EMA9: 4329.242, EMA21: 4333.881) | Last Completed Candle Time: 2026-06-16 18:15:00
2026-06-16 18:44:39,212 - INFO - INFO | Startup check complete. Signal tracking initialized at candle 2026-06-16 18:15:00.
2026-06-16 18:44:39,212 - INFO - INFO | Waiting for the next candle completion to check for crossovers...
2026-06-16 18:44:54,215 - INFO - INFO | STATUS | XAUUSD | EMA9 is BELOW EMA21 (EMA9: 4329.242, EMA21: 4333.881) | Last Completed Candle Time: 2026-06-16 18:15:00
2026-06-16 18:45:09,218 - INFO - INFO | STATUS | XAUUSD | EMA9 is BELOW EMA21 (EMA9: 4328.722, EMA21: 4333.223) | Last Completed Candle Time: 2026-06-16 18:30:00
2026-06-16 18:45:09,218 - INFO - INFO | New candle completed: 2026-06-16 18:30:00
2026-06-16 18:45:09,218 - INFO - INFO | No crossover detected on this completed candle.
2026-06-16 18:45:14,429 - INFO - INFO | Bot execution paused by user (KeyboardInterrupt).
2026-06-16 18:45:14,429 - INFO - INFO | MetaTrader 5 connection closed gracefully.
2026-06-24 09:32:46,996 - INFO - INFO | Initializing Gold Crossover Bot...
2026-06-24 09:32:47,005 - INFO - INFO | MT5 Connected. Account: 108728960, Balance: 50.0 USD
2026-06-24 09:32:47,005 - INFO - INFO | Bot successfully started.
2026-06-24 09:32:47,006 - INFO - INFO | Symbol: XAUUSD
2026-06-24 09:32:47,006 - INFO - INFO | Timeframe: M15 (15 Minutes)
2026-06-24 09:32:47,006 - INFO - INFO | Strategy parameters: EMA9 / EMA21
2026-06-24 09:32:47,006 - INFO - INFO | Fixed Lot Size: 0.02
2026-06-24 09:32:47,006 - INFO - INFO | Fixed SL: 2.0, Fixed TP: 2.0
2026-06-24 09:32:47,006 - INFO - INFO | Loop interval: 15 seconds
2026-06-24 09:32:47,022 - INFO - INFO | STATUS | XAUUSD | EMA9 is BELOW EMA21 (EMA9: 4078.129, EMA21: 4078.176) | Last Completed Candle Time: 2026-06-24 09:15:00
2026-06-24 09:32:47,022 - INFO - INFO | Trend Fallback Signal: SELL (EMA Short < EMA Long)
2026-06-24 09:32:47,022 - INFO - INFO | Startup check complete. Signal tracking initialized at candle 2026-06-24 09:15:00.
2026-06-24 09:32:47,023 - INFO - INFO | Waiting for the next candle completion to check for crossovers...
2026-06-24 09:33:02,027 - INFO - INFO | STATUS | XAUUSD | EMA9 is BELOW EMA21 (EMA9: 4078.129, EMA21: 4078.176) | Last Completed Candle Time: 2026-06-24 09:15:00
2026-06-24 09:33:02,027 - INFO - INFO | Trend Fallback Signal: SELL (EMA Short < EMA Long)
2026-06-24 09:33:17,031 - INFO - INFO | STATUS | XAUUSD | EMA9 is BELOW EMA21 (EMA9: 4078.129, EMA21: 4078.176) | Last Completed Candle Time: 2026-06-24 09:15:00
2026-06-24 09:33:17,032 - INFO - INFO | Trend Fallback Signal: SELL (EMA Short < EMA Long)
2026-06-24 09:33:32,036 - INFO - INFO | STATUS | XAUUSD | EMA9 is BELOW EMA21 (EMA9: 4078.129, EMA21: 4078.176) | Last Completed Candle Time: 2026-06-24 09:15:00
2026-06-24 09:33:32,036 - INFO - INFO | Trend Fallback Signal: SELL (EMA Short < EMA Long)
2026-06-24 09:33:47,041 - INFO - INFO | STATUS | XAUUSD | EMA9 is BELOW EMA21 (EMA9: 4078.129, EMA21: 4078.176) | Last Completed Candle Time: 2026-06-24 09:15:00
2026-06-24 09:33:47,041 - INFO - INFO | Trend Fallback Signal: SELL (EMA Short < EMA Long)
2026-06-24 09:34:02,045 - INFO - INFO | STATUS | XAUUSD | EMA9 is BELOW EMA21 (EMA9: 4078.129, EMA21: 4078.176) | Last Completed Candle Time: 2026-06-24 09:15:00
2026-06-24 09:34:02,046 - INFO - INFO | Trend Fallback Signal: SELL (EMA Short < EMA Long)
2026-06-24 09:34:17,050 - INFO - INFO | STATUS | XAUUSD | EMA9 is BELOW EMA21 (EMA9: 4078.129, EMA21: 4078.176) | Last Completed Candle Time: 2026-06-24 09:15:00
2026-06-24 09:34:17,051 - INFO - INFO | Trend Fallback Signal: SELL (EMA Short < EMA Long)
2026-06-24 09:34:32,054 - INFO - INFO | STATUS | XAUUSD | EMA9 is BELOW EMA21 (EMA9: 4078.129, EMA21: 4078.176) | Last Completed Candle Time: 2026-06-24 09:15:00
2026-06-24 09:34:32,055 - INFO - INFO | Trend Fallback Signal: SELL (EMA Short < EMA Long)
2026-06-24 09:34:47,059 - INFO - INFO | STATUS | XAUUSD | EMA9 is BELOW EMA21 (EMA9: 4078.129, EMA21: 4078.176) | Last Completed Candle Time: 2026-06-24 09:15:00
2026-06-24 09:34:47,060 - INFO - INFO | Trend Fallback Signal: SELL (EMA Short < EMA Long)
2026-06-24 09:35:02,064 - INFO - INFO | STATUS | XAUUSD | EMA9 is BELOW EMA21 (EMA9: 4078.129, EMA21: 4078.176) | Last Completed Candle Time: 2026-06-24 09:15:00
2026-06-24 09:35:02,064 - INFO - INFO | Trend Fallback Signal: SELL (EMA Short < EMA Long)
2026-06-24 09:35:17,068 - INFO - INFO | STATUS | XAUUSD | EMA9 is BELOW EMA21 (EMA9: 4078.129, EMA21: 4078.176) | Last Completed Candle Time: 2026-06-24 09:15:00
2026-06-24 09:35:17,068 - INFO - INFO | Trend Fallback Signal: SELL (EMA Short < EMA Long)
2026-06-24 09:35:32,073 - INFO - INFO | STATUS | XAUUSD | EMA9 is BELOW EMA21 (EMA9: 4078.129, EMA21: 4078.176) | Last Completed Candle Time: 2026-06-24 09:15:00
2026-06-24 09:35:32,073 - INFO - INFO | Trend Fallback Signal: SELL (EMA Short < EMA Long)
2026-06-24 09:35:47,077 - INFO - INFO | STATUS | XAUUSD | EMA9 is BELOW EMA21 (EMA9: 4078.129, EMA21: 4078.176) | Last Completed Candle Time: 2026-06-24 09:15:00
2026-06-24 09:35:47,077 - INFO - INFO | Trend Fallback Signal: SELL (EMA Short < EMA Long)
2026-06-24 09:36:02,081 - INFO - INFO | STATUS | XAUUSD | EMA9 is BELOW EMA21 (EMA9: 4078.129, EMA21: 4078.176) | Last Completed Candle Time: 2026-06-24 09:15:00
2026-06-24 09:36:02,081 - INFO - INFO | Trend Fallback Signal: SELL (EMA Short < EMA Long)
2026-06-24 09:36:17,086 - INFO - INFO | STATUS | XAUUSD | EMA9 is BELOW EMA21 (EMA9: 4078.129, EMA21: 4078.176) | Last Completed Candle Time: 2026-06-24 09:15:00
2026-06-24 09:36:17,086 - INFO - INFO | Trend Fallback Signal: SELL (EMA Short < EMA Long)
2026-06-24 09:36:32,090 - INFO - INFO | STATUS | XAUUSD | EMA9 is BELOW EMA21 (EMA9: 4078.129, EMA21: 4078.176) | Last Completed Candle Time: 2026-06-24 09:15:00
2026-06-24 09:36:32,090 - INFO - INFO | Trend Fallback Signal: SELL (EMA Short < EMA Long)
2026-06-24 09:36:47,094 - INFO - INFO | STATUS | XAUUSD | EMA9 is BELOW EMA21 (EMA9: 4078.129, EMA21: 4078.176) | Last Completed Candle Time: 2026-06-24 09:15:00
2026-06-24 09:36:47,095 - INFO - INFO | Trend Fallback Signal: SELL (EMA Short < EMA Long)
2026-06-24 09:37:02,099 - INFO - INFO | STATUS | XAUUSD | EMA9 is BELOW EMA21 (EMA9: 4078.129, EMA21: 4078.176) | Last Completed Candle Time: 2026-06-24 09:15:00
2026-06-24 09:37:02,099 - INFO - INFO | Trend Fallback Signal: SELL (EMA Short < EMA Long)
2026-06-24 09:37:17,103 - INFO - INFO | STATUS | XAUUSD | EMA9 is BELOW EMA21 (EMA9: 4078.129, EMA21: 4078.176) | Last Completed Candle Time: 2026-06-24 09:15:00
2026-06-24 09:37:17,104 - INFO - INFO | Trend Fallback Signal: SELL (EMA Short < EMA Long)
2026-06-24 09:37:32,108 - INFO - INFO | STATUS | XAUUSD | EMA9 is BELOW EMA21 (EMA9: 4078.129, EMA21: 4078.176) | Last Completed Candle Time: 2026-06-24 09:15:00
2026-06-24 09:37:32,109 - INFO - INFO | Trend Fallback Signal: SELL (EMA Short < EMA Long)
2026-06-24 09:37:47,113 - INFO - INFO | STATUS | XAUUSD | EMA9 is BELOW EMA21 (EMA9: 4078.129, EMA21: 4078.176) | Last Completed Candle Time: 2026-06-24 09:15:00
2026-06-24 09:37:47,113 - INFO - INFO | Trend Fallback Signal: SELL (EMA Short < EMA Long)
2026-06-24 09:38:02,117 - INFO - INFO | STATUS | XAUUSD | EMA9 is BELOW EMA21 (EMA9: 4078.129, EMA21: 4078.176) | Last Completed Candle Time: 2026-06-24 09:15:00
2026-06-24 09:38:02,118 - INFO - INFO | Trend Fallback Signal: SELL (EMA Short < EMA Long)
2026-06-24 09:38:17,122 - INFO - INFO | STATUS | XAUUSD | EMA9 is BELOW EMA21 (EMA9: 4078.129, EMA21: 4078.176) | Last Completed Candle Time: 2026-06-24 09:15:00
2026-06-24 09:38:17,122 - INFO - INFO | Trend Fallback Signal: SELL (EMA Short < EMA Long)
2026-06-24 09:38:32,126 - INFO - INFO | STATUS | XAUUSD | EMA9 is BELOW EMA21 (EMA9: 4078.129, EMA21: 4078.176) | Last Completed Candle Time: 2026-06-24 09:15:00
2026-06-24 09:38:32,126 - INFO - INFO | Trend Fallback Signal: SELL (EMA Short < EMA Long)
2026-06-24 09:38:47,130 - INFO - INFO | STATUS | XAUUSD | EMA9 is BELOW EMA21 (EMA9: 4078.129, EMA21: 4078.176) | Last Completed Candle Time: 2026-06-24 09:15:00
2026-06-24 09:38:47,130 - INFO - INFO | Trend Fallback Signal: SELL (EMA Short < EMA Long)
2026-06-24 09:39:02,134 - INFO - INFO | STATUS | XAUUSD | EMA9 is BELOW EMA21 (EMA9: 4078.129, EMA21: 4078.176) | Last Completed Candle Time: 2026-06-24 09:15:00
2026-06-24 09:39:02,134 - INFO - INFO | Trend Fallback Signal: SELL (EMA Short < EMA Long)
2026-06-24 09:39:17,138 - INFO - INFO | STATUS | XAUUSD | EMA9 is BELOW EMA21 (EMA9: 4078.129, EMA21: 4078.176) | Last Completed Candle Time: 2026-06-24 09:15:00
2026-06-24 09:39:17,138 - INFO - INFO | Trend Fallback Signal: SELL (EMA Short < EMA Long)
2026-06-24 09:39:32,143 - INFO - INFO | STATUS | XAUUSD | EMA9 is BELOW EMA21 (EMA9: 4078.129, EMA21: 4078.176) | Last Completed Candle Time: 2026-06-24 09:15:00
2026-06-24 09:39:32,143 - INFO - INFO | Trend Fallback Signal: SELL (EMA Short < EMA Long)
2026-06-24 09:39:47,147 - INFO - INFO | STATUS | XAUUSD | EMA9 is BELOW EMA21 (EMA9: 4078.129, EMA21: 4078.176) | Last Completed Candle Time: 2026-06-24 09:15:00
2026-06-24 09:39:47,148 - INFO - INFO | Trend Fallback Signal: SELL (EMA Short < EMA Long)
2026-06-24 09:40:02,151 - INFO - INFO | STATUS | XAUUSD | EMA9 is BELOW EMA21 (EMA9: 4078.129, EMA21: 4078.176) | Last Completed Candle Time: 2026-06-24 09:15:00
2026-06-24 09:40:02,151 - INFO - INFO | Trend Fallback Signal: SELL (EMA Short < EMA Long)
2026-06-24 09:40:17,156 - INFO - INFO | STATUS | XAUUSD | EMA9 is BELOW EMA21 (EMA9: 4078.129, EMA21: 4078.176) | Last Completed Candle Time: 2026-06-24 09:15:00
2026-06-24 09:40:17,156 - INFO - INFO | Trend Fallback Signal: SELL (EMA Short < EMA Long)
2026-06-24 09:40:32,160 - INFO - INFO | STATUS | XAUUSD | EMA9 is BELOW EMA21 (EMA9: 4078.129, EMA21: 4078.176) | Last Completed Candle Time: 2026-06-24 09:15:00
2026-06-24 09:40:32,161 - INFO - INFO | Trend Fallback Signal: SELL (EMA Short < EMA Long)
2026-06-24 09:40:47,165 - INFO - INFO | STATUS | XAUUSD | EMA9 is BELOW EMA21 (EMA9: 4078.129, EMA21: 4078.176) | Last Completed Candle Time: 2026-06-24 09:15:00
2026-06-24 09:40:47,166 - INFO - INFO | Trend Fallback Signal: SELL (EMA Short < EMA Long)
2026-06-24 09:41:02,169 - INFO - INFO | STATUS | XAUUSD | EMA9 is BELOW EMA21 (EMA9: 4078.129, EMA21: 4078.176) | Last Completed Candle Time: 2026-06-24 09:15:00
2026-06-24 09:41:02,169 - INFO - INFO | Trend Fallback Signal: SELL (EMA Short < EMA Long)
2026-06-24 09:41:17,174 - INFO - INFO | STATUS | XAUUSD | EMA9 is BELOW EMA21 (EMA9: 4078.129, EMA21: 4078.176) | Last Completed Candle Time: 2026-06-24 09:15:00
2026-06-24 09:41:17,175 - INFO - INFO | Trend Fallback Signal: SELL (EMA Short < EMA Long)
2026-06-24 09:41:32,179 - INFO - INFO | STATUS | XAUUSD | EMA9 is BELOW EMA21 (EMA9: 4078.129, EMA21: 4078.176) | Last Completed Candle Time: 2026-06-24 09:15:00
2026-06-24 09:41:32,179 - INFO - INFO | Trend Fallback Signal: SELL (EMA Short < EMA Long)
2026-06-24 09:41:47,185 - INFO - INFO | STATUS | XAUUSD | EMA9 is BELOW EMA21 (EMA9: 4078.129, EMA21: 4078.176) | Last Completed Candle Time: 2026-06-24 09:15:00
2026-06-24 09:41:47,185 - INFO - INFO | Trend Fallback Signal: SELL (EMA Short < EMA Long)
2026-06-24 09:42:02,189 - INFO - INFO | STATUS | XAUUSD | EMA9 is BELOW EMA21 (EMA9: 4078.129, EMA21: 4078.176) | Last Completed Candle Time: 2026-06-24 09:15:00
2026-06-24 09:42:02,190 - INFO - INFO | Trend Fallback Signal: SELL (EMA Short < EMA Long)
2026-06-24 09:42:17,194 - INFO - INFO | STATUS | XAUUSD | EMA9 is BELOW EMA21 (EMA9: 4078.129, EMA21: 4078.176) | Last Completed Candle Time: 2026-06-24 09:15:00
2026-06-24 09:42:17,194 - INFO - INFO | Trend Fallback Signal: SELL (EMA Short < EMA Long)
2026-06-24 09:42:32,198 - INFO - INFO | STATUS | XAUUSD | EMA9 is BELOW EMA21 (EMA9: 4078.129, EMA21: 4078.176) | Last Completed Candle Time: 2026-06-24 09:15:00
2026-06-24 09:42:32,198 - INFO - INFO | Trend Fallback Signal: SELL (EMA Short < EMA Long)
2026-06-24 09:42:47,203 - INFO - INFO | STATUS | XAUUSD | EMA9 is BELOW EMA21 (EMA9: 4078.129, EMA21: 4078.176) | Last Completed Candle Time: 2026-06-24 09:15:00
2026-06-24 09:42:47,203 - INFO - INFO | Trend Fallback Signal: SELL (EMA Short < EMA Long)
2026-06-24 09:43:02,207 - INFO - INFO | STATUS | XAUUSD | EMA9 is BELOW EMA21 (EMA9: 4078.129, EMA21: 4078.176) | Last Completed Candle Time: 2026-06-24 09:15:00
2026-06-24 09:43:02,208 - INFO - INFO | Trend Fallback Signal: SELL (EMA Short < EMA Long)
2026-06-24 09:43:17,212 - INFO - INFO | STATUS | XAUUSD | EMA9 is BELOW EMA21 (EMA9: 4078.129, EMA21: 4078.176) | Last Completed Candle Time: 2026-06-24 09:15:00
2026-06-24 09:43:17,212 - INFO - INFO | Trend Fallback Signal: SELL (EMA Short < EMA Long)
2026-06-24 09:43:32,217 - INFO - INFO | STATUS | XAUUSD | EMA9 is BELOW EMA21 (EMA9: 4078.129, EMA21: 4078.176) | Last Completed Candle Time: 2026-06-24 09:15:00
2026-06-24 09:43:32,217 - INFO - INFO | Trend Fallback Signal: SELL (EMA Short < EMA Long)
2026-06-24 09:43:47,221 - INFO - INFO | STATUS | XAUUSD | EMA9 is BELOW EMA21 (EMA9: 4078.129, EMA21: 4078.176) | Last Completed Candle Time: 2026-06-24 09:15:00
2026-06-24 09:43:47,221 - INFO - INFO | Trend Fallback Signal: SELL (EMA Short < EMA Long)
2026-06-24 09:44:02,226 - INFO - INFO | STATUS | XAUUSD | EMA9 is BELOW EMA21 (EMA9: 4078.129, EMA21: 4078.176) | Last Completed Candle Time: 2026-06-24 09:15:00
2026-06-24 09:44:02,227 - INFO - INFO | Trend Fallback Signal: SELL (EMA Short < EMA Long)
2026-06-24 09:44:17,231 - INFO - INFO | STATUS | XAUUSD | EMA9 is BELOW EMA21 (EMA9: 4078.129, EMA21: 4078.176) | Last Completed Candle Time: 2026-06-24 09:15:00
2026-06-24 09:44:17,231 - INFO - INFO | Trend Fallback Signal: SELL (EMA Short < EMA Long)
2026-06-24 09:44:32,236 - INFO - INFO | STATUS | XAUUSD | EMA9 is BELOW EMA21 (EMA9: 4078.129, EMA21: 4078.176) | Last Completed Candle Time: 2026-06-24 09:15:00
2026-06-24 09:44:32,236 - INFO - INFO | Trend Fallback Signal: SELL (EMA Short < EMA Long)
2026-06-24 09:44:47,240 - INFO - INFO | STATUS | XAUUSD | EMA9 is BELOW EMA21 (EMA9: 4078.129, EMA21: 4078.176) | Last Completed Candle Time: 2026-06-24 09:15:00
2026-06-24 09:44:47,240 - INFO - INFO | Trend Fallback Signal: SELL (EMA Short < EMA Long)
2026-06-24 09:45:02,244 - INFO - INFO | STATUS | XAUUSD | EMA9 is ABOVE EMA21 (EMA9: 4080.877, EMA21: 4079.421) | Last Completed Candle Time: 2026-06-24 09:30:00
2026-06-24 09:45:02,244 - INFO - INFO | EMA Crossover Signal: BUY | AI Confidence: 50.0%
2026-06-24 09:45:02,245 - INFO - INFO | New candle completed: 2026-06-24 09:30:00
2026-06-24 09:45:02,245 - INFO - INFO | SIGNAL DETECTED | BUY | Confidence: 50.0%
2026-06-24 09:45:02,245 - INFO - INFO | Executing BUY trade on XAUUSD...
2026-06-24 09:45:02,246 - ERROR - ERROR | MT5 pre-order validation failed for XAUUSD: No money (Code: 10019)
2026-06-24 09:45:17,250 - INFO - INFO | STATUS | XAUUSD | EMA9 is ABOVE EMA21 (EMA9: 4080.877, EMA21: 4079.421) | Last Completed Candle Time: 2026-06-24 09:30:00
2026-06-24 09:45:17,250 - INFO - INFO | EMA Crossover Signal: BUY | AI Confidence: 50.0%
2026-06-24 09:45:32,254 - INFO - INFO | STATUS | XAUUSD | EMA9 is ABOVE EMA21 (EMA9: 4080.877, EMA21: 4079.421) | Last Completed Candle Time: 2026-06-24 09:30:00
2026-06-24 09:45:32,255 - INFO - INFO | EMA Crossover Signal: BUY | AI Confidence: 50.0%
2026-06-24 09:45:47,259 - INFO - INFO | STATUS | XAUUSD | EMA9 is ABOVE EMA21 (EMA9: 4080.877, EMA21: 4079.421) | Last Completed Candle Time: 2026-06-24 09:30:00
2026-06-24 09:45:47,259 - INFO - INFO | EMA Crossover Signal: BUY | AI Confidence: 50.0%
2026-06-24 09:46:02,263 - INFO - INFO | STATUS | XAUUSD | EMA9 is ABOVE EMA21 (EMA9: 4080.877, EMA21: 4079.421) | Last Completed Candle Time: 2026-06-24 09:30:00
2026-06-24 09:46:02,263 - INFO - INFO | EMA Crossover Signal: BUY | AI Confidence: 50.0%
2026-06-24 09:46:17,267 - INFO - INFO | STATUS | XAUUSD | EMA9 is ABOVE EMA21 (EMA9: 4080.877, EMA21: 4079.421) | Last Completed Candle Time: 2026-06-24 09:30:00
2026-06-24 09:46:17,267 - INFO - INFO | EMA Crossover Signal: BUY | AI Confidence: 50.0%
2026-06-24 09:46:32,272 - INFO - INFO | STATUS | XAUUSD | EMA9 is ABOVE EMA21 (EMA9: 4080.877, EMA21: 4079.421) | Last Completed Candle Time: 2026-06-24 09:30:00
2026-06-24 09:46:32,272 - INFO - INFO | EMA Crossover Signal: BUY | AI Confidence: 50.0%
2026-06-24 09:46:47,276 - INFO - INFO | STATUS | XAUUSD | EMA9 is ABOVE EMA21 (EMA9: 4080.877, EMA21: 4079.421) | Last Completed Candle Time: 2026-06-24 09:30:00
2026-06-24 09:46:47,276 - INFO - INFO | EMA Crossover Signal: BUY | AI Confidence: 50.0%
2026-06-24 09:47:02,280 - INFO - INFO | STATUS | XAUUSD | EMA9 is ABOVE EMA21 (EMA9: 4080.877, EMA21: 4079.421) | Last Completed Candle Time: 2026-06-24 09:30:00
2026-06-24 09:47:02,280 - INFO - INFO | EMA Crossover Signal: BUY | AI Confidence: 50.0%
2026-06-24 09:47:17,284 - INFO - INFO | STATUS | XAUUSD | EMA9 is ABOVE EMA21 (EMA9: 4080.877, EMA21: 4079.421) | Last Completed Candle Time: 2026-06-24 09:30:00
2026-06-24 09:47:17,285 - INFO - INFO | EMA Crossover Signal: BUY | AI Confidence: 50.0%
2026-06-24 09:47:32,289 - INFO - INFO | STATUS | XAUUSD | EMA9 is ABOVE EMA21 (EMA9: 4080.877, EMA21: 4079.421) | Last Completed Candle Time: 2026-06-24 09:30:00
2026-06-24 09:47:32,289 - INFO - INFO | EMA Crossover Signal: BUY | AI Confidence: 50.0%
2026-06-24 09:47:47,293 - INFO - INFO | STATUS | XAUUSD | EMA9 is ABOVE EMA21 (EMA9: 4080.877, EMA21: 4079.421) | Last Completed Candle Time: 2026-06-24 09:30:00
2026-06-24 09:47:47,293 - INFO - INFO | EMA Crossover Signal: BUY | AI Confidence: 50.0%
2026-06-24 09:48:02,298 - INFO - INFO | STATUS | XAUUSD | EMA9 is ABOVE EMA21 (EMA9: 4080.877, EMA21: 4079.421) | Last Completed Candle Time: 2026-06-24 09:30:00
2026-06-24 09:48:02,299 - INFO - INFO | EMA Crossover Signal: BUY | AI Confidence: 50.0%
2026-06-24 09:48:17,303 - INFO - INFO | STATUS | XAUUSD | EMA9 is ABOVE EMA21 (EMA9: 4080.877, EMA21: 4079.421) | Last Completed Candle Time: 2026-06-24 09:30:00
2026-06-24 09:48:17,303 - INFO - INFO | EMA Crossover Signal: BUY | AI Confidence: 50.0%
2026-06-24 09:48:32,307 - INFO - INFO | STATUS | XAUUSD | EMA9 is ABOVE EMA21 (EMA9: 4080.877, EMA21: 4079.421) | Last Completed Candle Time: 2026-06-24 09:30:00
2026-06-24 09:48:32,307 - INFO - INFO | EMA Crossover Signal: BUY | AI Confidence: 50.0%
2026-06-24 09:48:47,311 - INFO - INFO | STATUS | XAUUSD | EMA9 is ABOVE EMA21 (EMA9: 4080.877, EMA21: 4079.421) | Last Completed Candle Time: 2026-06-24 09:30:00
2026-06-24 09:48:47,311 - INFO - INFO | EMA Crossover Signal: BUY | AI Confidence: 50.0%
2026-06-24 09:49:02,316 - INFO - INFO | STATUS | XAUUSD | EMA9 is ABOVE EMA21 (EMA9: 4080.877, EMA21: 4079.421) | Last Completed Candle Time: 2026-06-24 09:30:00
2026-06-24 09:49:02,316 - INFO - INFO | EMA Crossover Signal: BUY | AI Confidence: 50.0%
2026-06-24 09:49:17,321 - INFO - INFO | STATUS | XAUUSD | EMA9 is ABOVE EMA21 (EMA9: 4080.877, EMA21: 4079.421) | Last Completed Candle Time: 2026-06-24 09:30:00
2026-06-24 09:49:17,321 - INFO - INFO | EMA Crossover Signal: BUY | AI Confidence: 50.0%
2026-06-24 09:49:32,324 - INFO - INFO | STATUS | XAUUSD | EMA9 is ABOVE EMA21 (EMA9: 4080.877, EMA21: 4079.421) | Last Completed Candle Time: 2026-06-24 09:30:00
2026-06-24 09:49:32,325 - INFO - INFO | EMA Crossover Signal: BUY | AI Confidence: 50.0%
2026-06-24 09:49:47,329 - INFO - INFO | STATUS | XAUUSD | EMA9 is ABOVE EMA21 (EMA9: 4080.877, EMA21: 4079.421) | Last Completed Candle Time: 2026-06-24 09:30:00
2026-06-24 09:49:47,329 - INFO - INFO | EMA Crossover Signal: BUY | AI Confidence: 50.0%
2026-06-24 09:50:02,334 - INFO - INFO | STATUS | XAUUSD | EMA9 is ABOVE EMA21 (EMA9: 4080.877, EMA21: 4079.421) | Last Completed Candle Time: 2026-06-24 09:30:00
2026-06-24 09:50:02,334 - INFO - INFO | EMA Crossover Signal: BUY | AI Confidence: 50.0%
2026-06-24 09:50:17,338 - INFO - INFO | STATUS | XAUUSD | EMA9 is ABOVE EMA21 (EMA9: 4080.877, EMA21: 4079.421) | Last Completed Candle Time: 2026-06-24 09:30:00
2026-06-24 09:50:17,338 - INFO - INFO | EMA Crossover Signal: BUY | AI Confidence: 50.0%
2026-06-24 09:50:32,343 - INFO - INFO | STATUS | XAUUSD | EMA9 is ABOVE EMA21 (EMA9: 4080.877, EMA21: 4079.421) | Last Completed Candle Time: 2026-06-24 09:30:00
2026-06-24 09:50:32,343 - INFO - INFO | EMA Crossover Signal: BUY | AI Confidence: 50.0%
2026-06-24 09:50:47,347 - INFO - INFO | STATUS | XAUUSD | EMA9 is ABOVE EMA21 (EMA9: 4080.877, EMA21: 4079.421) | Last Completed Candle Time: 2026-06-24 09:30:00
2026-06-24 09:50:47,347 - INFO - INFO | EMA Crossover Signal: BUY | AI Confidence: 50.0%
2026-06-24 09:51:02,351 - INFO - INFO | STATUS | XAUUSD | EMA9 is ABOVE EMA21 (EMA9: 4080.877, EMA21: 4079.421) | Last Completed Candle Time: 2026-06-24 09:30:00
2026-06-24 09:51:02,352 - INFO - INFO | EMA Crossover Signal: BUY | AI Confidence: 50.0%
2026-06-24 09:51:17,356 - INFO - INFO | STATUS | XAUUSD | EMA9 is ABOVE EMA21 (EMA9: 4080.877, EMA21: 4079.421) | Last Completed Candle Time: 2026-06-24 09:30:00
2026-06-24 09:51:17,357 - INFO - INFO | EMA Crossover Signal: BUY | AI Confidence: 50.0%
2026-06-24 09:51:32,360 - INFO - INFO | STATUS | XAUUSD | EMA9 is ABOVE EMA21 (EMA9: 4080.877, EMA21: 4079.421) | Last Completed Candle Time: 2026-06-24 09:30:00
2026-06-24 09:51:32,360 - INFO - INFO | EMA Crossover Signal: BUY | AI Confidence: 50.0%
2026-06-24 09:51:47,364 - INFO - INFO | STATUS | XAUUSD | EMA9 is ABOVE EMA21 (EMA9: 4080.877, EMA21: 4079.421) | Last Completed Candle Time: 2026-06-24 09:30:00
2026-06-24 09:51:47,365 - INFO - INFO | EMA Crossover Signal: BUY | AI Confidence: 50.0%
2026-06-24 09:52:02,370 - INFO - INFO | STATUS | XAUUSD | EMA9 is ABOVE EMA21 (EMA9: 4080.877, EMA21: 4079.421) | Last Completed Candle Time: 2026-06-24 09:30:00
2026-06-24 09:52:02,370 - INFO - INFO | EMA Crossover Signal: BUY | AI Confidence: 50.0%
2026-06-24 09:52:17,374 - INFO - INFO | STATUS | XAUUSD | EMA9 is ABOVE EMA21 (EMA9: 4080.877, EMA21: 4079.421) | Last Completed Candle Time: 2026-06-24 09:30:00
2026-06-24 09:52:17,375 - INFO - INFO | EMA Crossover Signal: BUY | AI Confidence: 50.0%
